-------------------------------------------------------------------------------
Test set: com.urlshortener.events.EventValidatorTest
-------------------------------------------------------------------------------
Tests run: 4, Failures: 0, Errors: 3, Skipped: 0, Time elapsed: 0.032 s <<< FAILURE! -- in com.urlshortener.events.EventValidatorTest
com.urlshortener.events.EventValidatorTest.testInvalidTimestamp -- Time elapsed: 0.013 s <<< ERROR!
java.lang.RuntimeException: com.urlshortener.events.ValidationException: Timestamp must be in ISO-8601 format, got: invalid-timestamp
	at com.urlshortener.events.EventValidator.parseAndValidate(EventValidator.java:72)
	at com.urlshortener.events.EventValidator.isValidClickEvent(EventValidator.java:34)
	at com.urlshortener.events.EventValidatorTest.testInvalidTimestamp(EventValidatorTest.java:75)
	at java.base/java.lang.reflect.Method.invoke(Method.java:565)
	at java.base/java.util.ArrayList.forEach(ArrayList.java:1604)
	at java.base/java.util.ArrayList.forEach(ArrayList.java:1604)
Caused by: com.urlshortener.events.ValidationException: Timestamp must be in ISO-8601 format, got: invalid-timestamp
	at com.urlshortener.events.EventValidator.validateTimestamp(EventValidator.java:112)
	at com.urlshortener.events.EventValidator.parseAndValidate(EventValidator.java:63)
	... 5 more
Caused by: java.time.format.DateTimeParseException: Text 'invalid-timestamp' could not be parsed at index 0
	at java.base/java.time.format.DateTimeFormatter.parseResolved0(DateTimeFormatter.java:2108)
	at java.base/java.time.format.DateTimeFormatter.parse(DateTimeFormatter.java:2010)
	at java.base/java.time.OffsetDateTime.parse(OffsetDateTime.java:407)
	at com.urlshortener.events.EventValidator.validateTimestamp(EventValidator.java:101)
	... 6 more

com.urlshortener.events.EventValidatorTest.testMissingShortCode -- Time elapsed: 0.008 s <<< ERROR!
java.lang.RuntimeException: com.urlshortener.events.ValidationException: Validation failed: shortCode must not be blank; 
	at com.urlshortener.events.EventValidator.parseAndValidate(EventValidator.java:72)
	at com.urlshortener.events.EventValidator.isValidClickEvent(EventValidator.java:34)
	at com.urlshortener.events.EventValidatorTest.testMissingShortCode(EventValidatorTest.java:61)
	at java.base/java.lang.reflect.Method.invoke(Method.java:565)
	at java.base/java.util.ArrayList.forEach(ArrayList.java:1604)
	at java.base/java.util.ArrayList.forEach(ArrayList.java:1604)
Caused by: com.urlshortener.events.ValidationException: Validation failed: shortCode must not be blank; 
	at com.urlshortener.events.EventValidator.parseAndValidate(EventValidator.java:57)
	... 5 more

com.urlshortener.events.EventValidatorTest.testInvalidLinkId -- Time elapsed: 0.004 s <<< ERROR!
java.lang.RuntimeException: com.urlshortener.events.ValidationException: LinkId must be a positive number, got: -1
	at com.urlshortener.events.EventValidator.parseAndValidate(EventValidator.java:72)
	at com.urlshortener.events.EventValidator.isValidClickEvent(EventValidator.java:34)
	at com.urlshortener.events.EventValidatorTest.testInvalidLinkId(EventValidatorTest.java:48)
	at java.base/java.lang.reflect.Method.invoke(Method.java:565)
	at java.base/java.util.ArrayList.forEach(ArrayList.java:1604)
	at java.base/java.util.ArrayList.forEach(ArrayList.java:1604)
Caused by: com.urlshortener.events.ValidationException: LinkId must be a positive number, got: -1
	at com.urlshortener.events.EventValidator.validateLinkId(EventValidator.java:84)
	at com.urlshortener.events.EventValidator.parseAndValidate(EventValidator.java:61)
	... 5 more

